<?xml version="1.0" encoding="UTF-8"?>
<!-- Generated by org.testng.reporters.JUnitReportReporter -->
<testsuite hostname="ONOTTAA693858P" failures="0" tests="1" name="testCases.RegisterTest" time="7.422" errors="0" timestamp="2024-11-19T18:08:40 EST" skipped="0">
  <testcase classname="testCases.RegisterTest" name="verifyRegistration" time="7.422"/>
</testsuite> <!-- testCases.RegisterTest -->
