<?xml version="1.0" encoding="UTF-8"?>
<!-- Generated by org.testng.reporters.JUnitReportReporter -->
<testsuite hostname="ONOTTAA693858P" failures="0" tests="1" name="testCases.LoginTest" time="9.781" errors="0" timestamp="2024-11-19T13:25:53 EST" skipped="0">
  <testcase classname="testCases.LoginTest" name="verify_login" time="9.781"/>
</testsuite> <!-- testCases.LoginTest -->
